The system is: Windows - 10.0.19041 - AMD64
Compiling the C compiler identification source file "CMakeCCompilerId.c" succeeded.
Compiler: C:/Program Files (x86)/Microsoft Visual Studio/2019/Community/VC/Tools/MSVC/14.26.28801/bin/HostX64/x64/cl.exe 
Build flags: 
Id flags:  

The output was:
0
用于 x64 的 Microsoft (R) C/C++ 优化编译器 19.26.28806 版
版权所有(C) Microsoft Corporation。保留所有权利。

CMakeCCompilerId.c
Microsoft (R) Incremental Linker Version 14.26.28806.0
Copyright (C) Microsoft Corporation.  All rights reserved.

/out:CMakeCCompilerId.exe 
CMakeCCompilerId.obj 


Compilation of the C compiler identification source "CMakeCCompilerId.c" produced "CMakeCCompilerId.exe"

Compilation of the C compiler identification source "CMakeCCompilerId.c" produced "CMakeCCompilerId.obj"

The C compiler identification is MSVC, found in "C:/Users/Rivers/source/repos/makiras_dns_refact/src/out/build/x64-Debug (默认值)/CMakeFiles/3.17.20032601-MSVC_2/CompilerIdC/CMakeCCompilerId.exe"

Compiling the CXX compiler identification source file "CMakeCXXCompilerId.cpp" succeeded.
Compiler: C:/Program Files (x86)/Microsoft Visual Studio/2019/Community/VC/Tools/MSVC/14.26.28801/bin/HostX64/x64/cl.exe 
Build flags: 
Id flags:  

The output was:
0
用于 x64 的 Microsoft (R) C/C++ 优化编译器 19.26.28806 版
版权所有(C) Microsoft Corporation。保留所有权利。

CMakeCXXCompilerId.cpp
Microsoft (R) Incremental Linker Version 14.26.28806.0
Copyright (C) Microsoft Corporation.  All rights reserved.

/out:CMakeCXXCompilerId.exe 
CMakeCXXCompilerId.obj 


Compilation of the CXX compiler identification source "CMakeCXXCompilerId.cpp" produced "CMakeCXXCompilerId.exe"

Compilation of the CXX compiler identification source "CMakeCXXCompilerId.cpp" produced "CMakeCXXCompilerId.obj"

The CXX compiler identification is MSVC, found in "C:/Users/Rivers/source/repos/makiras_dns_refact/src/out/build/x64-Debug (默认值)/CMakeFiles/3.17.20032601-MSVC_2/CompilerIdCXX/CMakeCXXCompilerId.exe"

Determining if the C compiler works passed with the following output:
Change Dir: C:/Users/Rivers/source/repos/makiras_dns_refact/src/out/build/x64-Debug (默认值)/CMakeFiles/CMakeTmp

Run Build Command(s):C:/Program Files (x86)/Microsoft Visual Studio/2019/Community/Common7/IDE/CommonExtensions/Microsoft/CMake/Ninja/ninja.exe cmTC_08aaf && [1/2] Building C object CMakeFiles\cmTC_08aaf.dir\testCCompiler.c.obj
[2/2] Linking C executable cmTC_08aaf.exe



Detecting C compiler ABI info compiled with the following output:
Change Dir: C:/Users/Rivers/source/repos/makiras_dns_refact/src/out/build/x64-Debug (默认值)/CMakeFiles/CMakeTmp

Run Build Command(s):C:/Program Files (x86)/Microsoft Visual Studio/2019/Community/Common7/IDE/CommonExtensions/Microsoft/CMake/Ninja/ninja.exe cmTC_f35db && [1/2] Building C object CMakeFiles\cmTC_f35db.dir\CMakeCCompilerABI.c.obj
[2/2] Linking C executable cmTC_f35db.exe



Determining if the CXX compiler works passed with the following output:
Change Dir: C:/Users/Rivers/source/repos/makiras_dns_refact/src/out/build/x64-Debug (默认值)/CMakeFiles/CMakeTmp

Run Build Command(s):C:/Program Files (x86)/Microsoft Visual Studio/2019/Community/Common7/IDE/CommonExtensions/Microsoft/CMake/Ninja/ninja.exe cmTC_88fe0 && [1/2] Building CXX object CMakeFiles\cmTC_88fe0.dir\testCXXCompiler.cxx.obj
[2/2] Linking CXX executable cmTC_88fe0.exe



Detecting CXX compiler ABI info compiled with the following output:
Change Dir: C:/Users/Rivers/source/repos/makiras_dns_refact/src/out/build/x64-Debug (默认值)/CMakeFiles/CMakeTmp

Run Build Command(s):C:/Program Files (x86)/Microsoft Visual Studio/2019/Community/Common7/IDE/CommonExtensions/Microsoft/CMake/Ninja/ninja.exe cmTC_11c77 && [1/2] Building CXX object CMakeFiles\cmTC_11c77.dir\CMakeCXXCompilerABI.cpp.obj
[2/2] Linking CXX executable cmTC_11c77.exe



